<?xml version="1.0" encoding="UTF-8"?>
<!-- Generated by org.testng.reporters.JUnitReportReporter -->
<testsuite skipped="0" hostname="Baztronics-PC" name="com.w2a.TestCases.LoginTest" tests="1" failures="0" timestamp="05 مار 2019 11:29:35 GMT" time="3.987" errors="0">
  <testcase name="LoginAsTestManager" time="3.987" classname="com.w2a.TestCases.LoginTest"/>
</testsuite> <!-- com.w2a.TestCases.LoginTest -->
