<?xml version="1.0" encoding="UTF-8"?>
<!-- Generated by org.testng.reporters.JUnitReportReporter -->
<testsuite skipped="0" hostname="Baztronics-PC" name="com.w2a.TestCases.AddCustomerTest" tests="1" failures="0" timestamp="05 مار 2019 18:53:53 GMT" time="2.419" errors="0">
  <testcase name="addCustomer" time="2.419" classname="com.w2a.TestCases.AddCustomerTest"/>
</testsuite> <!-- com.w2a.TestCases.AddCustomerTest -->
